# JRE version: Java(TM) SE Runtime Environment (8.0_40-b25) (build 1.8.0_40-b25)
# Java VM: Java HotSpot(TM) 64-Bit Server VM (25.40-b25 mixed mode windows-amd64 compressed oops)
Heap:
 PSYoungGen      total 347648K, used 174079K [0x00000000e0300000, 0x0000000100000000, 0x0000000100000000)
  eden space 174080K, 99% used [0x00000000e0300000,0x00000000eacffff0,0x00000000ead00000)
  from space 173568K, 0% used [0x00000000ead00000,0x00000000ead00000,0x00000000f5680000)
  to   space 173568K, 0% used [0x00000000f5680000,0x00000000f5680000,0x0000000100000000)
 ParOldGen       total 1043456K, used 1043455K [0x00000000a0800000, 0x00000000e0300000, 0x00000000e0300000)
  object space 1043456K, 99% used [0x00000000a0800000,0x00000000e02ffde8,0x00000000e0300000)
 Metaspace       used 11853K, capacity 12068K, committed 12288K, reserved 1060864K
  class space    used 1348K, capacity 1415K, committed 1536K, reserved 1048576K
GC Heap History (10 events):
Event: 70.018 GC heap before
{Heap before GC invocations=46 (full 31):
 PSYoungGen      total 347648K, used 174079K [0x00000000e0300000, 0x0000000100000000, 0x0000000100000000)
  eden space 174080K, 99% used [0x00000000e0300000,0x00000000eacffff0,0x00000000ead00000)
  from space 173568K, 0% used [0x00000000ead00000,0x00000000ead00000,0x00000000f5680000)
  to   space 173568K, 0% used [0x00000000f5680000,0x00000000f5680000,0x0000000100000000)
 ParOldGen       total 1043456K, used 1043447K [0x00000000a0800000, 0x00000000e0300000, 0x00000000e0300000)
  object space 1043456K, 99% used [0x00000000a0800000,0x00000000e02fdc00,0x00000000e0300000)
 Metaspace       used 11853K, capacity 12068K, committed 12288K, reserved 1060864K
  class space    used 1348K, capacity 1415K, committed 1536K, reserved 1048576K
Event: 70.781 GC heap after
Heap after GC invocations=46 (full 31):
 PSYoungGen      total 347648K, used 174079K [0x00000000e0300000, 0x0000000100000000, 0x0000000100000000)
  eden space 174080K, 99% used [0x00000000e0300000,0x00000000eacffff0,0x00000000ead00000)
  from space 173568K, 0% used [0x00000000ead00000,0x00000000ead00000,0x00000000f5680000)
  to   space 173568K, 0% used [0x00000000f5680000,0x00000000f5680000,0x0000000100000000)
 ParOldGen       total 1043456K, used 1043447K [0x00000000a0800000, 0x00000000e0300000, 0x00000000e0300000)
  object space 1043456K, 99% used [0x00000000a0800000,0x00000000e02fdc00,0x00000000e0300000)
 Metaspace       used 11853K, capacity 12068K, committed 12288K, reserved 1060864K
  class space    used 1348K, capacity 1415K, committed 1536K, reserved 1048576K
}
Event: 70.782 GC heap before
{Heap before GC invocations=47 (full 32):
 PSYoungGen      total 347648K, used 174079K [0x00000000e0300000, 0x0000000100000000, 0x0000000100000000)
  eden space 174080K, 99% used [0x00000000e0300000,0x00000000eacffff0,0x00000000ead00000)
  from space 173568K, 0% used [0x00000000ead00000,0x00000000ead00000,0x00000000f5680000)
  to   space 173568K, 0% used [0x00000000f5680000,0x00000000f5680000,0x0000000100000000)
 ParOldGen       total 1043456K, used 1043455K [0x00000000a0800000, 0x00000000e0300000, 0x00000000e0300000)
  object space 1043456K, 99% used [0x00000000a0800000,0x00000000e02ffe10,0x00000000e0300000)
 Metaspace       used 11853K, capacity 12068K, committed 12288K, reserved 1060864K
  class space    used 1348K, capacity 1415K, committed 1536K, reserved 1048576K
Event: 71.555 GC heap after
Heap after GC invocations=47 (full 32):
 PSYoungGen      total 347648K, used 174079K [0x00000000e0300000, 0x0000000100000000, 0x0000000100000000)
  eden space 174080K, 99% used [0x00000000e0300000,0x00000000eacffff0,0x00000000ead00000)
  from space 173568K, 0% used [0x00000000ead00000,0x00000000ead00000,0x00000000f5680000)
  to   space 173568K, 0% used [0x00000000f5680000,0x00000000f5680000,0x0000000100000000)
 ParOldGen       total 1043456K, used 1043455K [0x00000000a0800000, 0x00000000e0300000, 0x00000000e0300000)
  object space 1043456K, 99% used [0x00000000a0800000,0x00000000e02ffe10,0x00000000e0300000)
 Metaspace       used 11853K, capacity 12068K, committed 12288K, reserved 1060864K
  class space    used 1348K, capacity 1415K, committed 1536K, reserved 1048576K
}
Event: 71.555 GC heap before
{Heap before GC invocations=48 (full 33):
 PSYoungGen      total 347648K, used 174079K [0x00000000e0300000, 0x0000000100000000, 0x0000000100000000)
  eden space 174080K, 99% used [0x00000000e0300000,0x00000000eacffff0,0x00000000ead00000)
  from space 173568K, 0% used [0x00000000ead00000,0x00000000ead00000,0x00000000f5680000)
  to   space 173568K, 0% used [0x00000000f5680000,0x00000000f5680000,0x0000000100000000)
 ParOldGen       total 1043456K, used 1043455K [0x00000000a0800000, 0x00000000e0300000, 0x00000000e0300000)
  object space 1043456K, 99% used [0x00000000a0800000,0x00000000e02ffe10,0x00000000e0300000)
 Metaspace       used 11853K, capacity 12068K, committed 12288K, reserved 1060864K
  class space    used 1348K, capacity 1415K, committed 1536K, reserved 1048576K
Event: 72.401 GC heap after
Heap after GC invocations=48 (full 33):
 PSYoungGen      total 347648K, used 174079K [0x00000000e0300000, 0x0000000100000000, 0x0000000100000000)
  eden space 174080K, 99% used [0x00000000e0300000,0x00000000eacffff0,0x00000000ead00000)
  from space 173568K, 0% used [0x00000000ead00000,0x00000000ead00000,0x00000000f5680000)
  to   space 173568K, 0% used [0x00000000f5680000,0x00000000f5680000,0x0000000100000000)
 ParOldGen       total 1043456K, used 1043455K [0x00000000a0800000, 0x00000000e0300000, 0x00000000e0300000)
  object space 1043456K, 99% used [0x00000000a0800000,0x00000000e02ffe10,0x00000000e0300000)
 Metaspace       used 11853K, capacity 12068K, committed 12288K, reserved 1060864K
  class space    used 1348K, capacity 1415K, committed 1536K, reserved 1048576K
}
Event: 72.402 GC heap before
{Heap before GC invocations=49 (full 34):
 PSYoungGen      total 347648K, used 174079K [0x00000000e0300000, 0x0000000100000000, 0x0000000100000000)
  eden space 174080K, 99% used [0x00000000e0300000,0x00000000eacffff0,0x00000000ead00000)
  from space 173568K, 0% used [0x00000000ead00000,0x00000000ead00000,0x00000000f5680000)
  to   space 173568K, 0% used [0x00000000f5680000,0x00000000f5680000,0x0000000100000000)
 ParOldGen       total 1043456K, used 1043455K [0x00000000a0800000, 0x00000000e0300000, 0x00000000e0300000)
  object space 1043456K, 99% used [0x00000000a0800000,0x00000000e02ffe10,0x00000000e0300000)
 Metaspace       used 11853K, capacity 12068K, committed 12288K, reserved 1060864K
  class space    used 1348K, capacity 1415K, committed 1536K, reserved 1048576K
Event: 73.298 GC heap after
Heap after GC invocations=49 (full 34):
 PSYoungGen      total 347648K, used 174079K [0x00000000e0300000, 0x0000000100000000, 0x0000000100000000)
  eden space 174080K, 99% used [0x00000000e0300000,0x00000000eacffff0,0x00000000ead00000)
  from space 173568K, 0% used [0x00000000ead00000,0x00000000ead00000,0x00000000f5680000)
  to   space 173568K, 0% used [0x00000000f5680000,0x00000000f5680000,0x0000000100000000)
 ParOldGen       total 1043456K, used 1043455K [0x00000000a0800000, 0x00000000e0300000, 0x00000000e0300000)
  object space 1043456K, 99% used [0x00000000a0800000,0x00000000e02ffdd0,0x00000000e0300000)
 Metaspace       used 11853K, capacity 12068K, committed 12288K, reserved 1060864K
  class space    used 1348K, capacity 1415K, committed 1536K, reserved 1048576K
}
Event: 73.298 GC heap before
{Heap before GC invocations=50 (full 35):
 PSYoungGen      total 347648K, used 174079K [0x00000000e0300000, 0x0000000100000000, 0x0000000100000000)
  eden space 174080K, 99% used [0x00000000e0300000,0x00000000eacffff0,0x00000000ead00000)
  from space 173568K, 0% used [0x00000000ead00000,0x00000000ead00000,0x00000000f5680000)
  to   space 173568K, 0% used [0x00000000f5680000,0x00000000f5680000,0x0000000100000000)
 ParOldGen       total 1043456K, used 1043455K [0x00000000a0800000, 0x00000000e0300000, 0x00000000e0300000)
  object space 1043456K, 99% used [0x00000000a0800000,0x00000000e02ffdd0,0x00000000e0300000)
 Metaspace       used 11853K, capacity 12068K, committed 12288K, reserved 1060864K
  class space    used 1348K, capacity 1415K, committed 1536K, reserved 1048576K
Event: 74.093 GC heap after
Heap after GC invocations=50 (full 35):
 PSYoungGen      total 347648K, used 174079K [0x00000000e0300000, 0x0000000100000000, 0x0000000100000000)
  eden space 174080K, 99% used [0x00000000e0300000,0x00000000eacffff0,0x00000000ead00000)
  from space 173568K, 0% used [0x00000000ead00000,0x00000000ead00000,0x00000000f5680000)
  to   space 173568K, 0% used [0x00000000f5680000,0x00000000f5680000,0x0000000100000000)
 ParOldGen       total 1043456K, used 1043455K [0x00000000a0800000, 0x00000000e0300000, 0x00000000e0300000)
  object space 1043456K, 99% used [0x00000000a0800000,0x00000000e02ffdd0,0x00000000e0300000)
 Metaspace       used 11853K, capacity 12068K, committed 12288K, reserved 1060864K
  class space    used 1348K, capacity 1415K, committed 1536K, reserved 1048576K
}

